Started by an SCM change
Building in workspace /home/jenkins/jobs/demoapp-build/workspace
Cloning the remote Git repository
Cloning repository http://localhost:5000/gitserver/butler/demoapp.git
 > git init /home/jenkins/jobs/demoapp-build/workspace # timeout=10
Fetching upstream changes from http://localhost:5000/gitserver/butler/demoapp.git
 > git --version # timeout=10
 > git fetch --tags --progress http://localhost:5000/gitserver/butler/demoapp.git +refs/heads/*:refs/remotes/origin/*
 > git config remote.origin.url http://localhost:5000/gitserver/butler/demoapp.git # timeout=10
 > git config --add remote.origin.fetch +refs/heads/*:refs/remotes/origin/* # timeout=10
 > git config remote.origin.url http://localhost:5000/gitserver/butler/demoapp.git # timeout=10
Fetching upstream changes from http://localhost:5000/gitserver/butler/demoapp.git
 > git fetch --tags --progress http://localhost:5000/gitserver/butler/demoapp.git +refs/heads/*:refs/remotes/origin/*
 > git rev-parse refs/remotes/origin/master^{commit} # timeout=10
 > git rev-parse refs/remotes/origin/origin/master^{commit} # timeout=10
Checking out Revision 6951afb7a06d8a278ee853fd99f052b079aefbfc (refs/remotes/origin/master)
Commit message: "change username"
 > git config core.sparsecheckout # timeout=10
 > git checkout -f 6951afb7a06d8a278ee853fd99f052b079aefbfc
First time build. Skipping changelog.
[workspace] $ /usr/share/java/maven-3/bin/mvn clean install -fn -B
[INFO] Scanning for projects...
[INFO]                                                                         
[INFO] ------------------------------------------------------------------------
[INFO] Building Demo DropWizard Application 1.0.0-SNAPSHOT
[INFO] ------------------------------------------------------------------------
[INFO] 
[8mha:AAAAYB+LCAAAAAAAAP9b85aBtbiIQSmjNKU4P0+vJLE4u1gvPjexLDVPzxdEGvvmZ+X75ZekLlOVfvTjc8FPJgaGiiIGKaiG5Py84vycVD1nCA1SyAABjCCFBQCV27OjYAAAAA==[0m[INFO] --- maven-clean-plugin:2.5:clean (default-clean) @ demoapp ---
[INFO] 
[8mha:AAAAYB+LCAAAAAAAAP9b85aBtbiIQSmjNKU4P0+vJLE4u1gvPjexLDVPzxdEGvvmZ+X75ZekLlOVfvTjc8FPJgaGiiIGKaiG5Py84vycVD1nCA1SyAABjCCFBQCV27OjYAAAAA==[0m[INFO] --- maven-resources-plugin:2.6:resources (default-resources) @ demoapp ---
[INFO] Using 'UTF-8' encoding to copy filtered resources.
[INFO] Copying 4 resources
[INFO] 
[8mha:AAAAYB+LCAAAAAAAAP9b85aBtbiIQSmjNKU4P0+vJLE4u1gvPjexLDVPzxdEGvvmZ+X75ZekLlOVfvTjc8FPJgaGiiIGKaiG5Py84vycVD1nCA1SyAABjCCFBQCV27OjYAAAAA==[0m[INFO] --- maven-compiler-plugin:3.1:compile (default-compile) @ demoapp ---
[INFO] Changes detected - recompiling the module!
[INFO] Compiling 5 source files to /home/jenkins/jobs/demoapp-build/workspace/target/classes
[INFO] 
[8mha:AAAAYB+LCAAAAAAAAP9b85aBtbiIQSmjNKU4P0+vJLE4u1gvPjexLDVPzxdEGvvmZ+X75ZekLlOVfvTjc8FPJgaGiiIGKaiG5Py84vycVD1nCA1SyAABjCCFBQCV27OjYAAAAA==[0m[INFO] --- maven-resources-plugin:2.6:testResources (default-testResources) @ demoapp ---
[INFO] Using 'UTF-8' encoding to copy filtered resources.
[INFO] Copying 1 resource
[INFO] 
[8mha:AAAAYB+LCAAAAAAAAP9b85aBtbiIQSmjNKU4P0+vJLE4u1gvPjexLDVPzxdEGvvmZ+X75ZekLlOVfvTjc8FPJgaGiiIGKaiG5Py84vycVD1nCA1SyAABjCCFBQCV27OjYAAAAA==[0m[INFO] --- maven-compiler-plugin:3.1:testCompile (default-testCompile) @ demoapp ---
[INFO] Changes detected - recompiling the module!
[INFO] Compiling 4 source files to /home/jenkins/jobs/demoapp-build/workspace/target/test-classes
[8mha:AAAAYx+LCAAAAAAAAP9b85aBtbiIQSWjNKU4P0+vJLE4u1gvPjexLDVPzxdEhicW5WXmpfvll6S2fNly5fzGzauYGBgqihikoFqS8/OK83NS9ZwhNEghAwQwghQWAACwxA+XYgAAAA==[0m[WARNING] /home/jenkins/jobs/demoapp-build/workspace/src/test/java/com/cloudbees/demoapp/test/HelloWorldEndpointTest.java: /home/jenkins/jobs/demoapp-build/workspace/src/test/java/com/cloudbees/demoapp/test/HelloWorldEndpointTest.java uses or overrides a deprecated API.
[8mha:AAAAYx+LCAAAAAAAAP9b85aBtbiIQSWjNKU4P0+vJLE4u1gvPjexLDVPzxdEhicW5WXmpfvll6S2fNly5fzGzauYGBgqihikoFqS8/OK83NS9ZwhNEghAwQwghQWAACwxA+XYgAAAA==[0m[WARNING] /home/jenkins/jobs/demoapp-build/workspace/src/test/java/com/cloudbees/demoapp/test/HelloWorldEndpointTest.java: Recompile with -Xlint:deprecation for details.
[INFO] 
[8mha:AAAAYB+LCAAAAAAAAP9b85aBtbiIQSmjNKU4P0+vJLE4u1gvPjexLDVPzxdEGvvmZ+X75ZekLlOVfvTjc8FPJgaGiiIGKaiG5Py84vycVD1nCA1SyAABjCCFBQCV27OjYAAAAA==[0m[INFO] --- maven-surefire-plugin:2.20:test (default-test) @ demoapp ---
[INFO] 
[INFO] -------------------------------------------------------
[INFO]  T E S T S
[INFO] -------------------------------------------------------
[INFO] Running com.cloudbees.demoapp.test.HelloWorldResourceTest
[INFO] Tests run: 4, Failures: 0, Errors: 0, Skipped: 0, Time elapsed: 1.085 s - in com.cloudbees.demoapp.test.HelloWorldResourceTest
[INFO] Running com.cloudbees.demoapp.test.HelloWorldEndpointTest
[INFO] Tests run: 2, Failures: 0, Errors: 0, Skipped: 0, Time elapsed: 1.754 s - in com.cloudbees.demoapp.test.HelloWorldEndpointTest
[INFO] 
[INFO] Results:
[INFO] 
[INFO] Tests run: 6, Failures: 0, Errors: 0, Skipped: 0
[INFO] 
[INFO] 
[8mha:AAAAYB+LCAAAAAAAAP9b85aBtbiIQSmjNKU4P0+vJLE4u1gvPjexLDVPzxdEGvvmZ+X75ZekLlOVfvTjc8FPJgaGiiIGKaiG5Py84vycVD1nCA1SyAABjCCFBQCV27OjYAAAAA==[0m[INFO] --- maven-jar-plugin:3.0.2:jar (default-jar) @ demoapp ---
[INFO] Building jar: /home/jenkins/jobs/demoapp-build/workspace/target/demoapp.jar
[INFO] 
[8mha:AAAAYB+LCAAAAAAAAP9b85aBtbiIQSmjNKU4P0+vJLE4u1gvPjexLDVPzxdEGvvmZ+X75ZekLlOVfvTjc8FPJgaGiiIGKaiG5Py84vycVD1nCA1SyAABjCCFBQCV27OjYAAAAA==[0m[INFO] --- maven-shade-plugin:3.0.0:shade (default) @ demoapp ---
[INFO] Including io.dropwizard:dropwizard-core:jar:1.1.2 in the shaded jar.
[INFO] Including io.dropwizard:dropwizard-util:jar:1.1.2 in the shaded jar.
[INFO] Including com.fasterxml.jackson.core:jackson-annotations:jar:2.8.0 in the shaded jar.
[INFO] Including com.google.guava:guava:jar:21.0 in the shaded jar.
[INFO] Including com.google.code.findbugs:jsr305:jar:3.0.1 in the shaded jar.
[INFO] Including joda-time:joda-time:jar:2.9.7 in the shaded jar.
[INFO] Including io.dropwizard:dropwizard-jackson:jar:1.1.2 in the shaded jar.
[INFO] Including com.fasterxml.jackson.core:jackson-core:jar:2.8.9 in the shaded jar.
[INFO] Including com.fasterxml.jackson.core:jackson-databind:jar:2.8.9 in the shaded jar.
[INFO] Including com.fasterxml.jackson.datatype:jackson-datatype-guava:jar:2.8.9 in the shaded jar.
[INFO] Including com.fasterxml.jackson.datatype:jackson-datatype-jsr310:jar:2.8.9 in the shaded jar.
[INFO] Including com.fasterxml.jackson.datatype:jackson-datatype-jdk8:jar:2.8.9 in the shaded jar.
[INFO] Including com.fasterxml.jackson.module:jackson-module-parameter-names:jar:2.8.9 in the shaded jar.
[INFO] Including com.fasterxml.jackson.module:jackson-module-afterburner:jar:2.8.9 in the shaded jar.
[INFO] Including com.fasterxml.jackson.datatype:jackson-datatype-joda:jar:2.8.9 in the shaded jar.
[INFO] Including org.slf4j:slf4j-api:jar:1.7.24 in the shaded jar.
[INFO] Including ch.qos.logback:logback-classic:jar:1.2.1 in the shaded jar.
[INFO] Including io.dropwizard:dropwizard-validation:jar:1.1.2 in the shaded jar.
[INFO] Including org.hibernate:hibernate-validator:jar:5.3.4.Final in the shaded jar.
[INFO] Including javax.validation:validation-api:jar:1.1.0.Final in the shaded jar.
[INFO] Including org.jboss.logging:jboss-logging:jar:3.3.0.Final in the shaded jar.
[INFO] Including com.fasterxml:classmate:jar:1.3.1 in the shaded jar.
[INFO] Including org.glassfish:javax.el:jar:3.0.0 in the shaded jar.
[INFO] Including io.dropwizard:dropwizard-configuration:jar:1.1.2 in the shaded jar.
[INFO] Including com.fasterxml.jackson.dataformat:jackson-dataformat-yaml:jar:2.8.9 in the shaded jar.
[INFO] Including org.yaml:snakeyaml:jar:1.17 in the shaded jar.
[INFO] Including org.apache.commons:commons-lang3:jar:3.5 in the shaded jar.
[INFO] Including io.dropwizard:dropwizard-logging:jar:1.1.2 in the shaded jar.
[INFO] Including io.dropwizard.metrics:metrics-logback:jar:3.2.2 in the shaded jar.
[INFO] Including org.slf4j:jul-to-slf4j:jar:1.7.24 in the shaded jar.
[INFO] Including ch.qos.logback:logback-core:jar:1.2.1 in the shaded jar.
[INFO] Including org.slf4j:log4j-over-slf4j:jar:1.7.24 in the shaded jar.
[INFO] Including org.slf4j:jcl-over-slf4j:jar:1.7.24 in the shaded jar.
[INFO] Including org.eclipse.jetty:jetty-util:jar:9.4.2.v20170220 in the shaded jar.
[INFO] Including io.dropwizard:dropwizard-metrics:jar:1.1.2 in the shaded jar.
[INFO] Including io.dropwizard:dropwizard-jersey:jar:1.1.2 in the shaded jar.
[INFO] Including org.glassfish.jersey.core:jersey-server:jar:2.25.1 in the shaded jar.
[INFO] Including org.glassfish.jersey.core:jersey-common:jar:2.25.1 in the shaded jar.
[INFO] Including org.glassfish.jersey.bundles.repackaged:jersey-guava:jar:2.25.1 in the shaded jar.
[INFO] Including org.glassfish.hk2:osgi-resource-locator:jar:1.0.1 in the shaded jar.
[INFO] Including javax.ws.rs:javax.ws.rs-api:jar:2.0.1 in the shaded jar.
[INFO] Including org.glassfish.jersey.media:jersey-media-jaxb:jar:2.25.1 in the shaded jar.
[INFO] Including javax.annotation:javax.annotation-api:jar:1.2 in the shaded jar.
[INFO] Including org.glassfish.hk2:hk2-api:jar:2.5.0-b32 in the shaded jar.
[INFO] Including org.glassfish.hk2:hk2-utils:jar:2.5.0-b32 in the shaded jar.
[INFO] Including org.glassfish.hk2.external:aopalliance-repackaged:jar:2.5.0-b32 in the shaded jar.
[INFO] Including org.glassfish.hk2.external:javax.inject:jar:2.5.0-b32 in the shaded jar.
[INFO] Including org.glassfish.hk2:hk2-locator:jar:2.5.0-b32 in the shaded jar.
[INFO] Including org.javassist:javassist:jar:3.20.0-GA in the shaded jar.
[INFO] Including org.glassfish.jersey.ext:jersey-metainf-services:jar:2.25.1 in the shaded jar.
[INFO] Including org.glassfish.jersey.ext:jersey-bean-validation:jar:2.25.1 in the shaded jar.
[INFO] Including io.dropwizard.metrics:metrics-jersey2:jar:3.2.2 in the shaded jar.
[INFO] Including com.fasterxml.jackson.jaxrs:jackson-jaxrs-json-provider:jar:2.8.9 in the shaded jar.
[INFO] Including com.fasterxml.jackson.jaxrs:jackson-jaxrs-base:jar:2.8.9 in the shaded jar.
[INFO] Including com.fasterxml.jackson.module:jackson-module-jaxb-annotations:jar:2.8.9 in the shaded jar.
[INFO] Including org.glassfish.jersey.containers:jersey-container-servlet:jar:2.25.1 in the shaded jar.
[INFO] Including org.glassfish.jersey.containers:jersey-container-servlet-core:jar:2.25.1 in the shaded jar.
[INFO] Including org.eclipse.jetty:jetty-server:jar:9.4.2.v20170220 in the shaded jar.
[INFO] Including javax.servlet:javax.servlet-api:jar:3.1.0 in the shaded jar.
[INFO] Including org.eclipse.jetty:jetty-io:jar:9.4.2.v20170220 in the shaded jar.
[INFO] Including org.eclipse.jetty:jetty-webapp:jar:9.4.2.v20170220 in the shaded jar.
[INFO] Including org.eclipse.jetty:jetty-xml:jar:9.4.2.v20170220 in the shaded jar.
[INFO] Including org.eclipse.jetty:jetty-continuation:jar:9.4.2.v20170220 in the shaded jar.
[INFO] Including io.dropwizard:dropwizard-servlets:jar:1.1.2 in the shaded jar.
[INFO] Including io.dropwizard.metrics:metrics-annotation:jar:3.2.2 in the shaded jar.
[INFO] Including io.dropwizard:dropwizard-jetty:jar:1.1.2 in the shaded jar.
[INFO] Including io.dropwizard.metrics:metrics-jetty9:jar:3.2.2 in the shaded jar.
[INFO] Including org.eclipse.jetty:jetty-servlet:jar:9.4.2.v20170220 in the shaded jar.
[INFO] Including org.eclipse.jetty:jetty-security:jar:9.4.2.v20170220 in the shaded jar.
[INFO] Including org.eclipse.jetty:jetty-servlets:jar:9.4.2.v20170220 in the shaded jar.
[INFO] Including org.eclipse.jetty:jetty-http:jar:9.4.2.v20170220 in the shaded jar.
[INFO] Including io.dropwizard:dropwizard-lifecycle:jar:1.1.2 in the shaded jar.
[INFO] Including io.dropwizard.metrics:metrics-core:jar:3.2.2 in the shaded jar.
[INFO] Including io.dropwizard.metrics:metrics-jvm:jar:3.2.2 in the shaded jar.
[INFO] Including io.dropwizard.metrics:metrics-servlets:jar:3.2.2 in the shaded jar.
[INFO] Including io.dropwizard.metrics:metrics-json:jar:3.2.2 in the shaded jar.
[INFO] Including com.papertrail:profiler:jar:1.0.2 in the shaded jar.
[INFO] Including io.dropwizard.metrics:metrics-healthchecks:jar:3.2.2 in the shaded jar.
[INFO] Including io.dropwizard:dropwizard-request-logging:jar:1.1.2 in the shaded jar.
[INFO] Including ch.qos.logback:logback-access:jar:1.2.1 in the shaded jar.
[INFO] Including net.sourceforge.argparse4j:argparse4j:jar:0.7.0 in the shaded jar.
[INFO] Including org.eclipse.jetty.toolchain.setuid:jetty-setuid-java:jar:1.0.3 in the shaded jar.
[INFO] Including io.dropwizard:dropwizard-testing:jar:1.1.2 in the shaded jar.
[INFO] Including junit:junit:jar:4.12 in the shaded jar.
[INFO] Including org.hamcrest:hamcrest-core:jar:1.3 in the shaded jar.
[INFO] Including org.objenesis:objenesis:jar:2.5.1 in the shaded jar.
[INFO] Including org.assertj:assertj-core:jar:3.6.2 in the shaded jar.
[INFO] Including org.glassfish.jersey.test-framework.providers:jersey-test-framework-provider-inmemory:jar:2.25.1 in the shaded jar.
[INFO] Including org.glassfish.jersey.test-framework:jersey-test-framework-core:jar:2.25.1 in the shaded jar.
[INFO] Including org.glassfish.jersey.core:jersey-client:jar:2.25.1 in the shaded jar.
[INFO] Including io.dropwizard:dropwizard-assets:jar:1.1.2 in the shaded jar.
[INFO] Replacing original artifact with shaded artifact.
[INFO] Replacing /home/jenkins/jobs/demoapp-build/workspace/target/demoapp.jar with /home/jenkins/jobs/demoapp-build/workspace/target/demoapp-1.0.0-SNAPSHOT-shaded.jar
[INFO] 
[8mha:AAAAYB+LCAAAAAAAAP9b85aBtbiIQSmjNKU4P0+vJLE4u1gvPjexLDVPzxdEGvvmZ+X75ZekLlOVfvTjc8FPJgaGiiIGKaiG5Py84vycVD1nCA1SyAABjCCFBQCV27OjYAAAAA==[0m[INFO] --- maven-failsafe-plugin:2.20:integration-test (default) @ demoapp ---
[INFO] 
[INFO] -------------------------------------------------------
[INFO]  T E S T S
[INFO] -------------------------------------------------------
[INFO] Running com.cloudbees.demoapp.test.HelloWorldIntegrationTest
SLF4J: Class path contains multiple SLF4J bindings.
SLF4J: Found binding in [jar:file:/home/jenkins/jobs/demoapp-build/workspace/target/demoapp.jar!/org/slf4j/impl/StaticLoggerBinder.class]
SLF4J: Found binding in [jar:file:/home/jenkins/.m2/repository/ch/qos/logback/logback-classic/1.2.1/logback-classic-1.2.1.jar!/org/slf4j/impl/StaticLoggerBinder.class]
SLF4J: See http://www.slf4j.org/codes.html#multiple_bindings for an explanation.
SLF4J: Actual binding is of type [ch.qos.logback.classic.util.ContextSelectorStaticBinder]
INFO  [2020-10-07 14:42:27,620] org.eclipse.jetty.util.log: Logging initialized @3096ms to org.eclipse.jetty.util.log.Slf4jLog
INFO  [2020-10-07 14:42:27,850] io.dropwizard.server.DefaultServerFactory: Registering jersey handler with root path prefix: /
INFO  [2020-10-07 14:42:27,854] io.dropwizard.server.DefaultServerFactory: Registering admin handler with root path prefix: /
INFO  [2020-10-07 14:42:27,856] io.dropwizard.assets.AssetsBundle: Registering AssetBundle with name: assets for path /*
INFO  [2020-10-07 14:42:27,906] io.dropwizard.server.DefaultServerFactory: Registering jersey handler with root path prefix: /
INFO  [2020-10-07 14:42:27,906] io.dropwizard.server.DefaultServerFactory: Registering admin handler with root path prefix: /
INFO  [2020-10-07 14:42:27,907] io.dropwizard.server.ServerFactory: Starting hello-world
ERROR [2020-10-07 14:42:28,061] io.dropwizard.cli.ServerCommand: Unable to start server, shutting down
! java.net.BindException: Address in use
! at sun.nio.ch.Net.bind0(Native Method)
! at sun.nio.ch.Net.bind(Net.java:433)
! at sun.nio.ch.Net.bind(Net.java:425)
! at sun.nio.ch.ServerSocketChannelImpl.bind(ServerSocketChannelImpl.java:223)
! at sun.nio.ch.ServerSocketAdaptor.bind(ServerSocketAdaptor.java:74)
! at org.eclipse.jetty.server.ServerConnector.open(ServerConnector.java:298)
! at org.eclipse.jetty.setuid.SetUIDListener.lifeCycleStarting(SetUIDListener.java:200)
! ... 36 common frames omitted
! Causing: java.lang.RuntimeException: java.net.BindException: Address in use
! at org.eclipse.jetty.setuid.SetUIDListener.lifeCycleStarting(SetUIDListener.java:213)
! at org.eclipse.jetty.util.component.AbstractLifeCycle.setStarting(AbstractLifeCycle.java:188)
! at org.eclipse.jetty.util.component.AbstractLifeCycle.start(AbstractLifeCycle.java:67)
! at io.dropwizard.cli.ServerCommand.run(ServerCommand.java:53)
! at io.dropwizard.cli.EnvironmentCommand.run(EnvironmentCommand.java:44)
! at io.dropwizard.cli.ConfiguredCommand.run(ConfiguredCommand.java:85)
! at io.dropwizard.testing.DropwizardTestSupport.startIfRequired(DropwizardTestSupport.java:227)
! at io.dropwizard.testing.DropwizardTestSupport.before(DropwizardTestSupport.java:141)
! at io.dropwizard.testing.junit.DropwizardAppRule.before(DropwizardAppRule.java:154)
! at org.junit.rules.ExternalResource$1.evaluate(ExternalResource.java:46)
! at org.junit.rules.RunRules.evaluate(RunRules.java:20)
! at org.junit.runners.ParentRunner.runLeaf(ParentRunner.java:325)
! at org.junit.runners.BlockJUnit4ClassRunner.runChild(BlockJUnit4ClassRunner.java:78)
! at org.junit.runners.BlockJUnit4ClassRunner.runChild(BlockJUnit4ClassRunner.java:57)
! at org.junit.runners.ParentRunner$3.run(ParentRunner.java:290)
! at org.junit.runners.ParentRunner$1.schedule(ParentRunner.java:71)
! at org.junit.runners.ParentRunner.runChildren(ParentRunner.java:288)
! at org.junit.runners.ParentRunner.access$000(ParentRunner.java:58)
! at org.junit.runners.ParentRunner$2.evaluate(ParentRunner.java:268)
! at org.junit.runners.ParentRunner.run(ParentRunner.java:363)
! at org.junit.runners.Suite.runChild(Suite.java:128)
! at org.junit.runners.Suite.runChild(Suite.java:27)
! at org.junit.runners.ParentRunner$3.run(ParentRunner.java:290)
! at org.junit.runners.ParentRunner$1.schedule(ParentRunner.java:71)
! at org.junit.runners.ParentRunner.runChildren(ParentRunner.java:288)
! at org.junit.runners.ParentRunner.access$000(ParentRunner.java:58)
! at org.junit.runners.ParentRunner$2.evaluate(ParentRunner.java:268)
! at org.junit.runners.ParentRunner.run(ParentRunner.java:363)
! at org.apache.maven.surefire.junitcore.JUnitCore.run(JUnitCore.java:55)
! at org.apache.maven.surefire.junitcore.JUnitCoreWrapper.createRequestAndRun(JUnitCoreWrapper.java:137)
! at org.apache.maven.surefire.junitcore.JUnitCoreWrapper.executeEager(JUnitCoreWrapper.java:107)
! at org.apache.maven.surefire.junitcore.JUnitCoreWrapper.execute(JUnitCoreWrapper.java:83)
! at org.apache.maven.surefire.junitcore.JUnitCoreWrapper.execute(JUnitCoreWrapper.java:75)
! at org.apache.maven.surefire.junitcore.JUnitCoreProvider.invoke(JUnitCoreProvider.java:157)
! at org.apache.maven.surefire.booter.ForkedBooter.invokeProviderInSameClassLoader(ForkedBooter.java:386)
! at org.apache.maven.surefire.booter.ForkedBooter.runSuitesInProcess(ForkedBooter.java:323)
! at org.apache.maven.surefire.booter.ForkedBooter.main(ForkedBooter.java:143)
[8mha:AAAAYB+LCAAAAAAAAP9b85aBtbiIQSmjNKU4P0+vJLE4u1gvPjexLDVPzxdEuhYV5Rf55ZekOlc7RKnPKH7IxMBQUcQgBdWQnJ9XnJ+TqucMoUEKGSCAEaSwAACsNFCqYAAAAA==[0m[ERROR] Tests run: 1, Failures: 0, Errors: 1, Skipped: 0, Time elapsed: 2.823 s <<< FAILURE! - in com.cloudbees.demoapp.test.HelloWorldIntegrationTest
[8mha:AAAAYB+LCAAAAAAAAP9b85aBtbiIQSmjNKU4P0+vJLE4u1gvPjexLDVPzxdEuhYV5Rf55ZekOlc7RKnPKH7IxMBQUcQgBdWQnJ9XnJ+TqucMoUEKGSCAEaSwAACsNFCqYAAAAA==[0m[ERROR] runServerTest(com.cloudbees.demoapp.test.HelloWorldIntegrationTest)  Time elapsed: 2.801 s  <<< ERROR!
java.lang.RuntimeException: java.net.BindException: Address in use
Caused by: java.net.BindException: Address in use

[INFO] 
[INFO] Results:
[INFO] 
[8mha:AAAAYB+LCAAAAAAAAP9b85aBtbiIQSmjNKU4P0+vJLE4u1gvPjexLDVPzxdEuhYV5Rf55ZekOlc7RKnPKH7IxMBQUcQgBdWQnJ9XnJ+TqucMoUEKGSCAEaSwAACsNFCqYAAAAA==[0m[ERROR] Errors: 
[8mha:AAAAYB+LCAAAAAAAAP9b85aBtbiIQSmjNKU4P0+vJLE4u1gvPjexLDVPzxdEuhYV5Rf55ZekOlc7RKnPKH7IxMBQUcQgBdWQnJ9XnJ+TqucMoUEKGSCAEaSwAACsNFCqYAAAAA==[0m[ERROR]   HelloWorldIntegrationTest.runServerTest Â» Runtime java.net.BindException: Addr...
[INFO] 
[8mha:AAAAYB+LCAAAAAAAAP9b85aBtbiIQSmjNKU4P0+vJLE4u1gvPjexLDVPzxdEuhYV5Rf55ZekOlc7RKnPKH7IxMBQUcQgBdWQnJ9XnJ+TqucMoUEKGSCAEaSwAACsNFCqYAAAAA==[0m[ERROR] Tests run: 1, Failures: 0, Errors: 1, Skipped: 0
[INFO] 
[8mha:AAAAYx+LCAAAAAAAAP9b85aBtbiIQSWjNKU4P0+vJLE4u1gvPjexLDVPzxdEhicW5WXmpfvll6S2fNly5fzGzauYGBgqihikoFqS8/OK83NS9ZwhNEghAwQwghQWAACwxA+XYgAAAA==[0m[WARNING] File encoding has not been set, using platform encoding UTF-8, i.e. build is platform dependent! The file encoding for reports output files should be provided by the POM property ${project.reporting.outputEncoding}.
[INFO] 
[8mha:AAAAYB+LCAAAAAAAAP9b85aBtbiIQSmjNKU4P0+vJLE4u1gvPjexLDVPzxdEGvvmZ+X75ZekLlOVfvTjc8FPJgaGiiIGKaiG5Py84vycVD1nCA1SyAABjCCFBQCV27OjYAAAAA==[0m[INFO] --- maven-failsafe-plugin:2.20:verify (default) @ demoapp ---
[INFO] ------------------------------------------------------------------------
[INFO] BUILD FAILURE
[INFO] ------------------------------------------------------------------------
[INFO] Total time: 18.720 s
[INFO] Finished at: 2020-10-07T14:42:28+00:00
[INFO] Final Memory: 25M/234M
[INFO] ------------------------------------------------------------------------
[8mha:AAAAYB+LCAAAAAAAAP9b85aBtbiIQSmjNKU4P0+vJLE4u1gvPjexLDVPzxdEuhYV5Rf55ZekOlc7RKnPKH7IxMBQUcQgBdWQnJ9XnJ+TqucMoUEKGSCAEaSwAACsNFCqYAAAAA==[0m[ERROR] Failed to execute goal org.apache.maven.plugins:maven-failsafe-plugin:2.20:verify (default) on project demoapp: There are test failures.
[8mha:AAAAYB+LCAAAAAAAAP9b85aBtbiIQSmjNKU4P0+vJLE4u1gvPjexLDVPzxdEuhYV5Rf55ZekOlc7RKnPKH7IxMBQUcQgBdWQnJ9XnJ+TqucMoUEKGSCAEaSwAACsNFCqYAAAAA==[0m[ERROR] 
[8mha:AAAAYB+LCAAAAAAAAP9b85aBtbiIQSmjNKU4P0+vJLE4u1gvPjexLDVPzxdEuhYV5Rf55ZekOlc7RKnPKH7IxMBQUcQgBdWQnJ9XnJ+TqucMoUEKGSCAEaSwAACsNFCqYAAAAA==[0m[ERROR] Please refer to /home/jenkins/jobs/demoapp-build/workspace/target/failsafe-reports for the individual test results.
[8mha:AAAAYB+LCAAAAAAAAP9b85aBtbiIQSmjNKU4P0+vJLE4u1gvPjexLDVPzxdEuhYV5Rf55ZekOlc7RKnPKH7IxMBQUcQgBdWQnJ9XnJ+TqucMoUEKGSCAEaSwAACsNFCqYAAAAA==[0m[ERROR] Please refer to dump files (if any exist) [date]-jvmRun[N].dump, [date].dumpstream and [date]-jvmRun[N].dumpstream.
[8mha:AAAAYB+LCAAAAAAAAP9b85aBtbiIQSmjNKU4P0+vJLE4u1gvPjexLDVPzxdEuhYV5Rf55ZekOlc7RKnPKH7IxMBQUcQgBdWQnJ9XnJ+TqucMoUEKGSCAEaSwAACsNFCqYAAAAA==[0m[ERROR] -> [Help 1]
[8mha:AAAAYB+LCAAAAAAAAP9b85aBtbiIQSmjNKU4P0+vJLE4u1gvPjexLDVPzxdEuhYV5Rf55ZekOlc7RKnPKH7IxMBQUcQgBdWQnJ9XnJ+TqucMoUEKGSCAEaSwAACsNFCqYAAAAA==[0m[ERROR] 
[8mha:AAAAYB+LCAAAAAAAAP9b85aBtbiIQSmjNKU4P0+vJLE4u1gvPjexLDVPzxdEuhYV5Rf55ZekOlc7RKnPKH7IxMBQUcQgBdWQnJ9XnJ+TqucMoUEKGSCAEaSwAACsNFCqYAAAAA==[0m[ERROR] To see the full stack trace of the errors, re-run Maven with the -e switch.
[8mha:AAAAYB+LCAAAAAAAAP9b85aBtbiIQSmjNKU4P0+vJLE4u1gvPjexLDVPzxdEuhYV5Rf55ZekOlc7RKnPKH7IxMBQUcQgBdWQnJ9XnJ+TqucMoUEKGSCAEaSwAACsNFCqYAAAAA==[0m[ERROR] Re-run Maven using the -X switch to enable full debug logging.
[8mha:AAAAYB+LCAAAAAAAAP9b85aBtbiIQSmjNKU4P0+vJLE4u1gvPjexLDVPzxdEuhYV5Rf55ZekOlc7RKnPKH7IxMBQUcQgBdWQnJ9XnJ+TqucMoUEKGSCAEaSwAACsNFCqYAAAAA==[0m[ERROR] 
[8mha:AAAAYB+LCAAAAAAAAP9b85aBtbiIQSmjNKU4P0+vJLE4u1gvPjexLDVPzxdEuhYV5Rf55ZekOlc7RKnPKH7IxMBQUcQgBdWQnJ9XnJ+TqucMoUEKGSCAEaSwAACsNFCqYAAAAA==[0m[ERROR] For more information about the errors and possible solutions, please read the following articles:
[8mha:AAAAYB+LCAAAAAAAAP9b85aBtbiIQSmjNKU4P0+vJLE4u1gvPjexLDVPzxdEuhYV5Rf55ZekOlc7RKnPKH7IxMBQUcQgBdWQnJ9XnJ+TqucMoUEKGSCAEaSwAACsNFCqYAAAAA==[0m[ERROR] [Help 1] http://cwiki.apache.org/confluence/display/MAVEN/MojoFailureException
[INFO] Build failures were ignored.
[workspace] $ /bin/sh -xe /tmp/hudson564692977852011251.sh
+ DOCKER_IMG_BASENAME=demo-app
+ DOCKER_IMG_FULLNAME=demo-app:6951afb7a06d8a278ee853fd99f052b079aefbfc
+ docker build -t demo-app:6951afb7a06d8a278ee853fd99f052b079aefbfc ./
Sending build context to Docker daemon 557.1 kBSending build context to Docker daemon 1.114 MBSending build context to Docker daemon 1.671 MBSending build context to Docker daemon 2.228 MBSending build context to Docker daemon 2.785 MBSending build context to Docker daemon 3.342 MBSending build context to Docker daemon 3.899 MBSending build context to Docker daemon 4.456 MBSending build context to Docker daemon 5.014 MBSending build context to Docker daemon 5.571 MBSending build context to Docker daemon 6.128 MBSending build context to Docker daemon 6.685 MBSending build context to Docker daemon 7.242 MBSending build context to Docker daemon 7.799 MBSending build context to Docker daemon 8.356 MBSending build context to Docker daemon 8.913 MBSending build context to Docker daemon  9.47 MBSending build context to Docker daemon 10.03 MBSending build context to Docker daemon 10.58 MBSending build context to Docker daemon 11.14 MBSending build context to Docker daemon  11.7 MBSending build context to Docker daemon 12.26 MBSending build context to Docker daemon 12.81 MBSending build context to Docker daemon 13.37 MBSending build context to Docker daemon 13.93 MBSending build context to Docker daemon 14.48 MBSending build context to Docker daemon 15.04 MBSending build context to Docker daemon  15.6 MBSending build context to Docker daemon 16.15 MBSending build context to Docker daemon 16.71 MBSending build context to Docker daemon 17.06 MB
Step 1/7 : FROM openjdk:8-jre-alpine
 ---> b1bd879ca9b3
Step 2/7 : LABEL MAINTAINER="Damien DUPORTAL <dduportal@cloudbees.com>"
 ---> Using cache
 ---> 426745d189fd
Step 3/7 : COPY ./target/demoapp.jar /app/app.jar
 ---> 5775cf9f0308
Step 4/7 : COPY hello-world.yml /app/config.yml
 ---> fe7675cf9b2a
Step 5/7 : EXPOSE 8080
 ---> Running in 4d906b02830d
 ---> d3838dff5e77
Step 6/7 : ENTRYPOINT ["java","-jar","/app/app.jar"]
 ---> Running in aa2e0038d85b
 ---> fac21a269eaa
Step 7/7 : CMD ["server","/app/config.yml"]
 ---> Running in b77d88c3a80b
 ---> 69945f423c12
Removing intermediate container 4d906b02830d
Removing intermediate container aa2e0038d85b
Removing intermediate container b77d88c3a80b
Successfully built 69945f423c12
Successfully tagged demo-app:6951afb7a06d8a278ee853fd99f052b079aefbfc
+ docker tag demo-app:6951afb7a06d8a278ee853fd99f052b079aefbfc demo-app:latest
+ docker run -d -P demo-app:6951afb7a06d8a278ee853fd99f052b079aefbfc
+ CID=761eeb033287e0ab9eb136c8f00a9ce88d274e04728cc6c58b6c8841ff08bef6
+ docker kill 761eeb033287e0ab9eb136c8f00a9ce88d274e04728cc6c58b6c8841ff08bef6
761eeb033287e0ab9eb136c8f00a9ce88d274e04728cc6c58b6c8841ff08bef6
+ docker rm -v 761eeb033287e0ab9eb136c8f00a9ce88d274e04728cc6c58b6c8841ff08bef6
761eeb033287e0ab9eb136c8f00a9ce88d274e04728cc6c58b6c8841ff08bef6
Recording test results
Build step 'Publish JUnit test result report' changed build result to UNSTABLE
Archiving artifacts
Finished: UNSTABLE
